<?xml version="1.0" encoding="UTF-8"?>
<!-- Generated by org.testng.reporters.JUnitReportReporter -->
<testsuite hostname="DESKTOP-NFKHIEI" failures="0" tests="1" name="testCases.FileUploadDemo2" time="10.518" errors="0" timestamp="15 Oct 2020 12:11:42 GMT">
  <testcase classname="testCases.FileUploadDemo2" name="robotTest" time="10.518"/>
</testsuite> <!-- testCases.FileUploadDemo2 -->
