<?xml version="1.0" encoding="UTF-8"?>
<!-- Generated by org.testng.reporters.JUnitReportReporter -->
<testsuite hostname="DESKTOP-NFKHIEI" failures="0" tests="1" name="testCases.OpenExcelFile" time="4.056" errors="0" timestamp="15 Oct 2020 14:36:23 GMT">
  <testcase classname="testCases.OpenExcelFile" name="robotTest" time="4.056"/>
</testsuite> <!-- testCases.OpenExcelFile -->
